{
  "RSpec": {
    "coverage": {
      "/Users/carlosalbertosalgadohazbun/Desktop/cacho_como_es/app/controllers/games_controller.rb": [
        1,
        null,
        null,
        null,
        1,
        null,
        null,
        null,
        null,
        1,
        1,
        null,
        1,
        2,
        2,
        null,
        null,
        1,
        0,
        0,
        0,
        null,
        null,
        1,
        null,
        null,
        1,
        1,
        1,
        null,
        null,
        1,
        null,
        null,
        1,
        0,
        0,
        0,
        null,
        null,
        1,
        null,
        null,
        null,
        null
      ],
      "/Users/carlosalbertosalgadohazbun/Desktop/cacho_como_es/app/controllers/application_controller.rb": [
        1,
        null,
        null,
        1,
        null,
        1,
        null,
        1,
        null,
        1,
        0,
        null,
        0,
        null,
        null,
        null
      ],
      "/Users/carlosalbertosalgadohazbun/Desktop/cacho_como_es/app/controllers/turns_controller.rb": [
        1,
        null,
        1,
        null,
        1,
        null,
        null,
        1,
        0,
        null,
        0,
        0,
        0,
        null,
        null,
        0,
        null,
        0,
        null,
        null,
        0,
        null,
        0,
        null,
        null,
        1,
        null,
        null,
        1,
        null,
        null,
        1,
        null,
        null,
        1,
        null,
        null,
        1,
        null,
        null,
        1,
        null,
        1,
        0,
        null,
        null
      ],
      "/Users/carlosalbertosalgadohazbun/Desktop/cacho_como_es/app/models/game.rb": [
        1,
        null,
        null,
        null,
        1,
        null,
        null,
        null,
        1,
        1,
        null,
        null,
        null,
        1,
        1,
        1,
        1,
        null,
        null,
        null,
        1,
        1,
        null,
        null,
        null,
        null,
        1,
        12,
        null,
        null,
        1,
        86,
        null,
        null,
        1,
        1,
        null,
        null,
        null,
        1,
        8,
        null,
        null,
        null,
        1,
        1,
        1,
        1,
        1,
        1,
        null,
        null,
        null,
        1,
        15,
        null,
        null,
        null,
        1,
        15,
        60,
        null,
        15,
        null,
        null,
        null,
        1,
        0,
        null,
        null,
        null,
        1,
        0,
        0,
        0,
        null,
        null,
        null,
        1,
        35,
        7,
        6,
        null,
        null,
        null,
        null,
        null,
        1,
        3,
        0,
        null,
        3,
        null,
        null,
        null,
        1,
        null,
        null,
        1,
        90,
        74,
        296,
        null,
        null,
        null,
        null,
        null,
        1,
        74,
        null,
        null,
        null
      ],
      "/Users/carlosalbertosalgadohazbun/Desktop/cacho_como_es/app/models/hand.rb": [
        null,
        1,
        null,
        1,
        null,
        null,
        null,
        1,
        null,
        null,
        null,
        1,
        null,
        null,
        null,
        1,
        6,
        null,
        null,
        1,
        60,
        null,
        null,
        null,
        1,
        33,
        null,
        null,
        1,
        null,
        1,
        356,
        356,
        60,
        60,
        294,
        null,
        60,
        2,
        2,
        null,
        null,
        296,
        1480,
        null,
        null,
        null,
        null,
        null,
        null,
        null
      ],
      "/Users/carlosalbertosalgadohazbun/Desktop/cacho_como_es/app/models/player.rb": [
        1,
        null,
        null,
        null,
        1,
        null,
        null,
        null,
        1,
        1,
        1,
        1,
        null,
        null,
        null,
        1,
        1,
        null,
        null,
        null,
        null,
        null,
        null,
        1,
        33,
        33,
        33,
        33,
        null,
        null,
        null,
        null,
        1,
        5,
        null,
        null,
        null,
        1,
        null,
        null,
        1,
        598,
        296,
        null,
        null,
        null,
        null
      ],
      "/Users/carlosalbertosalgadohazbun/Desktop/cacho_como_es/app/models/turn.rb": [
        1,
        null,
        null,
        null,
        null,
        1,
        null,
        null,
        null,
        1,
        1,
        1,
        null,
        null,
        null,
        1,
        null,
        null,
        null,
        1,
        null,
        null,
        null,
        null,
        null,
        1,
        55,
        null,
        null,
        1,
        83,
        null,
        null,
        null,
        1,
        3,
        null,
        null,
        null,
        1,
        30,
        30,
        30,
        6,
        3,
        null,
        3,
        null,
        null,
        24,
        22,
        16,
        null,
        6,
        null,
        null,
        2,
        1,
        null,
        1,
        null,
        null,
        null,
        null,
        null,
        1,
        0,
        null,
        null,
        null,
        1,
        19,
        19,
        10,
        3,
        null,
        7,
        null,
        null,
        9,
        3,
        null,
        6,
        null,
        null,
        null,
        null,
        1,
        null,
        1,
        241,
        0,
        0,
        0,
        null,
        null,
        null,
        1,
        155,
        16,
        139,
        17,
        null,
        null,
        null,
        1,
        155,
        16,
        139,
        7,
        2,
        null,
        5,
        null,
        null,
        null,
        null,
        null
      ],
      "/Users/carlosalbertosalgadohazbun/Desktop/cacho_como_es/app/validators/guess_validator.rb": [
        1,
        null,
        1,
        283,
        135,
        135,
        57,
        0,
        57,
        null,
        13,
        2,
        1,
        null,
        11,
        5,
        1,
        null,
        null,
        6,
        1,
        null,
        null,
        null,
        null,
        78,
        1,
        77,
        18,
        null,
        null,
        null,
        null,
        null,
        null
      ]
    },
    "timestamp": 1422465276
  }
}
