{
  "RSpec": {
    "coverage": {
      "/Users/carlosalbertosalgadohazbun/Desktop/cacho_como_es/app/controllers/games_controller.rb": [
        1,
        null,
        null,
        null,
        1,
        null,
        null,
        null,
        null,
        1,
        1,
        null,
        1,
        2,
        2,
        null,
        null,
        1,
        null,
        1,
        1,
        0,
        null,
        null,
        1,
        null,
        null,
        1,
        1,
        1,
        null,
        null,
        1,
        null,
        null,
        1,
        0,
        0,
        0,
        null,
        null,
        1,
        null,
        null,
        null,
        null
      ],
      "/Users/carlosalbertosalgadohazbun/Desktop/cacho_como_es/app/controllers/application_controller.rb": [
        1,
        null,
        null,
        1,
        null,
        1,
        null,
        1,
        null,
        1,
        0,
        null,
        0,
        null,
        null,
        null
      ],
      "/Users/carlosalbertosalgadohazbun/Desktop/cacho_como_es/app/controllers/turns_controller.rb": [
        1,
        null,
        1,
        null,
        1,
        null,
        null,
        1,
        3,
        3,
        3,
        1,
        1,
        null,
        3,
        0,
        null,
        3,
        null,
        null,
        1,
        null,
        null,
        1,
        null,
        null,
        1,
        null,
        null,
        1,
        null,
        null,
        1,
        null,
        null,
        1,
        null,
        1,
        6,
        null,
        null
      ],
      "/Users/carlosalbertosalgadohazbun/Desktop/cacho_como_es/app/models/game.rb": [
        1,
        null,
        null,
        null,
        1,
        null,
        null,
        null,
        1,
        1,
        null,
        null,
        null,
        1,
        1,
        1,
        1,
        null,
        null,
        null,
        1,
        1,
        null,
        null,
        null,
        null,
        1,
        12,
        null,
        null,
        1,
        88,
        null,
        null,
        1,
        1,
        null,
        null,
        null,
        1,
        8,
        null,
        null,
        null,
        1,
        1,
        1,
        1,
        1,
        1,
        null,
        null,
        null,
        1,
        15,
        null,
        null,
        null,
        1,
        15,
        60,
        null,
        15,
        null,
        null,
        null,
        1,
        0,
        null,
        null,
        null,
        1,
        0,
        0,
        0,
        null,
        null,
        null,
        1,
        35,
        7,
        6,
        null,
        null,
        null,
        null,
        null,
        1,
        3,
        0,
        null,
        3,
        null,
        null,
        null,
        1,
        null,
        null,
        1,
        95,
        79,
        312,
        null,
        null,
        null,
        null,
        null,
        1,
        78,
        null,
        null,
        null
      ],
      "/Users/carlosalbertosalgadohazbun/Desktop/cacho_como_es/app/models/hand.rb": [
        null,
        1,
        null,
        1,
        null,
        null,
        null,
        1,
        null,
        null,
        null,
        1,
        null,
        null,
        null,
        1,
        6,
        null,
        null,
        1,
        60,
        null,
        null,
        null,
        1,
        34,
        null,
        null,
        1,
        null,
        1,
        372,
        372,
        60,
        60,
        294,
        null,
        60,
        2,
        2,
        null,
        null,
        312,
        1560,
        null,
        null,
        null,
        null,
        null,
        null,
        null
      ],
      "/Users/carlosalbertosalgadohazbun/Desktop/cacho_como_es/app/models/player.rb": [
        1,
        null,
        null,
        null,
        1,
        null,
        null,
        null,
        1,
        1,
        1,
        1,
        null,
        null,
        null,
        1,
        1,
        null,
        null,
        null,
        null,
        null,
        null,
        1,
        34,
        34,
        34,
        34,
        null,
        null,
        null,
        null,
        1,
        5,
        null,
        null,
        null,
        1,
        null,
        null,
        1,
        630,
        312,
        null,
        null,
        null,
        null
      ],
      "/Users/carlosalbertosalgadohazbun/Desktop/cacho_como_es/app/models/turn.rb": [
        1,
        null,
        null,
        null,
        null,
        1,
        null,
        null,
        null,
        1,
        1,
        1,
        null,
        null,
        null,
        1,
        null,
        null,
        null,
        1,
        null,
        null,
        null,
        null,
        null,
        1,
        56,
        null,
        null,
        1,
        84,
        null,
        null,
        null,
        1,
        3,
        null,
        null,
        null,
        1,
        31,
        31,
        31,
        6,
        3,
        null,
        3,
        null,
        null,
        25,
        23,
        17,
        null,
        6,
        null,
        null,
        2,
        1,
        null,
        1,
        null,
        null,
        null,
        null,
        null,
        1,
        0,
        null,
        null,
        null,
        1,
        19,
        19,
        10,
        3,
        null,
        7,
        null,
        null,
        9,
        3,
        null,
        6,
        null,
        null,
        null,
        null,
        1,
        null,
        1,
        259,
        3,
        3,
        3,
        null,
        null,
        null,
        1,
        169,
        17,
        152,
        17,
        null,
        null,
        null,
        1,
        169,
        17,
        152,
        7,
        2,
        null,
        5,
        null,
        null,
        null,
        null,
        null
      ],
      "/Users/carlosalbertosalgadohazbun/Desktop/cacho_como_es/app/validators/guess_validator.rb": [
        1,
        null,
        1,
        302,
        146,
        146,
        64,
        0,
        64,
        null,
        13,
        2,
        1,
        null,
        11,
        5,
        1,
        null,
        null,
        6,
        1,
        null,
        null,
        null,
        null,
        82,
        1,
        81,
        18,
        null,
        null,
        null,
        null,
        null,
        null
      ]
    },
    "timestamp": 1425569745
  }
}
